<?xml version="1.0" encoding="UTF-8"?>
<!-- Generated by org.testng.reporters.JUnitReportReporter -->
<testsuite hostname="SEIODC741" failures="0" tests="2" name="com.test.TestNGFeatures" time="0.005" errors="0" timestamp="2020-04-16T17:22:39 IST" skipped="0">
  <testcase classname="com.test.TestNGFeatures" name="homePageTest" time="0.001"/>
  <system-out/>
  <testcase classname="com.test.TestNGFeatures" name="loginTest" time="0.004"/>
  <system-out/>
</testsuite> <!-- com.test.TestNGFeatures -->
