<?xml version="1.0" encoding="UTF-8"?>
<!-- Generated by org.testng.reporters.JUnitReportReporter -->
<testsuite hostname="SEIODC741" failures="0" tests="3" name="com.test.InvocationTestCountConcept" time="0.077" errors="0" timestamp="2020-04-16T17:22:39 IST" skipped="0">
  <testcase classname="com.test.InvocationTestCountConcept" name="add" time="0.006"/>
  <system-out/>
  <testcase classname="com.test.InvocationTestCountConcept" name="add" time="0.044"/>
  <system-out/>
  <testcase classname="com.test.InvocationTestCountConcept" name="add" time="0.027"/>
  <system-out/>
</testsuite> <!-- com.test.InvocationTestCountConcept -->
