<?xml version="1.0" encoding="UTF-8"?>
<!-- Generated by org.testng.reporters.JUnitReportReporter -->
<testsuite hostname="SEIODC741" failures="0" tests="3" name="com.test.GoogleTest" time="41.586" errors="0" timestamp="2020-04-16T17:22:39 IST" skipped="0">
  <testcase classname="com.test.GoogleTest" name="googleTestTitleTest" time="14.604"/>
  <system-out/>
  <testcase classname="com.test.GoogleTest" name="mailLinkTest" time="13.762"/>
  <system-out/>
  <testcase classname="com.test.GoogleTest" name="googleLogoTest" time="13.220"/>
  <system-out/>
</testsuite> <!-- com.test.GoogleTest -->
