<?xml version="1.0" encoding="UTF-8"?>
<!-- Generated by org.testng.reporters.JUnitReportReporter -->
<testsuite hostname="SEIODC741" failures="0" tests="1" name="com.test.AssertExample" time="14.025" errors="0" timestamp="2020-04-16T17:22:39 IST" skipped="0">
  <testcase classname="com.test.AssertExample" name="googleTestTitleTest" time="14.025"/>
  <system-out/>
</testsuite> <!-- com.test.AssertExample -->
