<?xml version="1.0" encoding="UTF-8"?>
<!-- Generated by org.testng.reporters.JUnitReportReporter -->
<testsuite hostname="SEIODC741" failures="0" tests="2" name="com.test.Concept" time="0.029" errors="0" timestamp="2020-04-16T17:22:39 IST" skipped="0">
  <testcase classname="com.test.Concept" name="testgoogletitle2" time="0.006"/>
  <system-out/>
  <testcase classname="com.test.Concept" name="testgoogletitle" time="0.023"/>
  <system-out/>
</testsuite> <!-- com.test.Concept -->
